[2025/07/22 gG 14:18:01.21] Starting enum_auto_run.exe 
'C:\Nelson\Dev\GitHub\Enum_Guardian\enum_auto_run.exe' ぃOず场┪~场ROBi磅妾旱{Α┪уΩ郎C
[2025/07/22 gG 14:18:01.23] Ended 
[2025/07/24 g| 14:18:01.35] Starting enum_auto_run.exe 
'C:\Nelson\Dev\GitHub\Enum_Guardian\enum_auto_run.exe' ぃOず场┪~场ROBi磅妾旱{Α┪уΩ郎C
[2025/07/24 g| 14:18:01.39] Ended 
[2025/07/25 gき 14:18:01.69] Starting enum_auto_run.exe 
'C:\Nelson\Dev\GitHub\Enum_Guardian\enum_auto_run.exe' ぃOず场┪~场ROBi磅妾旱{Α┪уΩ郎C
[2025/07/25 gき 14:18:01.72] Ended 
[2025/07/27 gら 14:18:01.35] Starting enum_auto_run.exe 
'C:\Nelson\Dev\GitHub\Enum_Guardian\enum_auto_run.exe' ぃOず场┪~场ROBi磅妾旱{Α┪уΩ郎C
[2025/07/27 gら 14:18:01.39] Ended 
[2025/07/29 gG 14:18:01.60] Starting enum_auto_run.exe 
'C:\Nelson\Dev\GitHub\Enum_Guardian\enum_auto_run.exe' ぃOず场┪~场ROBi磅妾旱{Α┪уΩ郎C
[2025/07/29 gG 14:18:01.63] Ended 
[2025/07/30 gT 14:18:01.38] Starting enum_auto_run.exe 
'C:\Nelson\Dev\GitHub\Enum_Guardian\enum_auto_run.exe' ぃOず场┪~场ROBi磅妾旱{Α┪уΩ郎C
[2025/07/30 gT 14:18:01.42] Ended 
[2025/07/31 g| 14:18:01.41] Starting enum_auto_run.exe 
'C:\Nelson\Dev\GitHub\Enum_Guardian\enum_auto_run.exe' ぃOず场┪~场ROBi磅妾旱{Α┪уΩ郎C
[2025/07/31 g| 14:18:01.44] Ended 
[2025/08/01 gき 14:18:01.35] Starting enum_auto_run.exe 
'C:\Nelson\Dev\GitHub\Enum_Guardian\enum_auto_run.exe' ぃOず场┪~场ROBi磅妾旱{Α┪уΩ郎C
[2025/08/01 gき 14:18:01.38] Ended 
[2025/08/14 g| 14:18:01.68] Starting enum_auto_run.exe 
'C:\Nelson\Dev\GitHub\Enum_Guardian\enum_auto_run.exe' ぃOず场┪~场ROBi磅妾旱{Α┪уΩ郎C
[2025/08/14 g| 14:18:01.74] Ended 
[2025/08/15 gき 14:18:01.68] Starting enum_auto_run.exe 
'C:\Nelson\Dev\GitHub\Enum_Guardian\enum_auto_run.exe' ぃOず场┪~场ROBi磅妾旱{Α┪уΩ郎C
[2025/08/15 gき 14:18:01.74] Ended 
[2025/08/16 gせ 14:18:01.68] Starting enum_auto_run.exe 
'C:\Nelson\Dev\GitHub\Enum_Guardian\enum_auto_run.exe' ぃOず场┪~场ROBi磅妾旱{Α┪уΩ郎C
[2025/08/16 gせ 14:18:01.71] Ended 
[2025/08/18 g@ 14:18:01.39] Starting enum_auto_run.exe 
'C:\Nelson\Dev\GitHub\Enum_Guardian\enum_auto_run.exe' ぃOず场┪~场ROBi磅妾旱{Α┪уΩ郎C
[2025/08/18 g@ 14:18:01.43] Ended 
[2025/08/19 gG 14:18:01.41] Starting enum_auto_run.exe 
'C:\Nelson\Dev\GitHub\Enum_Guardian\enum_auto_run.exe' ぃOず场┪~场ROBi磅妾旱{Α┪уΩ郎C
[2025/08/19 gG 14:18:01.46] Ended 
[2025/08/20 gT 14:18:02.11] Starting enum_auto_run.exe 
'C:\Nelson\Dev\GitHub\Enum_Guardian\enum_auto_run.exe' ぃOず场┪~场ROBi磅妾旱{Α┪уΩ郎C
[2025/08/20 gT 14:18:02.14] Ended 
[2025/08/21 g| 14:18:01.94] Starting enum_auto_run.exe 
'C:\Nelson\Dev\GitHub\Enum_Guardian\enum_auto_run.exe' ぃOず场┪~场ROBi磅妾旱{Α┪уΩ郎C
[2025/08/21 g| 14:18:01.98] Ended 
[2025/08/22 gき 14:18:01.97] Starting enum_auto_run.exe 
'C:\Nelson\Dev\GitHub\Enum_Guardian\enum_auto_run.exe' ぃOず场┪~场ROBi磅妾旱{Α┪уΩ郎C
[2025/08/22 gき 14:18:02.01] Ended 
[2025/08/25 g@ 14:18:01.25] Starting enum_auto_run.exe 
'C:\Nelson\Dev\GitHub\Enum_Guardian\enum_auto_run.exe' ぃOず场┪~场ROBi磅妾旱{Α┪уΩ郎C
[2025/08/25 g@ 14:18:01.28] Ended 
[2025/08/26 gG 14:18:01.38] Starting enum_auto_run.exe 
'C:\Nelson\Dev\GitHub\Enum_Guardian\enum_auto_run.exe' ぃOず场┪~场ROBi磅妾旱{Α┪уΩ郎C
[2025/08/26 gG 14:18:01.41] Ended 
[2025/08/28 g| 14:18:01.85] Starting enum_auto_run.exe 
'C:\Nelson\Dev\GitHub\Enum_Guardian\enum_auto_run.exe' ぃOず场┪~场ROBi磅妾旱{Α┪уΩ郎C
[2025/08/28 g| 14:18:01.89] Ended 
[2025/08/29 gき 14:18:01.43] Starting enum_auto_run.exe 
'C:\Nelson\Dev\GitHub\Enum_Guardian\enum_auto_run.exe' ぃOず场┪~场ROBi磅妾旱{Α┪уΩ郎C
[2025/08/29 gき 14:18:01.46] Ended 
[2025/09/01 g@ 14:18:01.66] Starting enum_auto_run.exe 
'C:\Nelson\Dev\GitHub\Enum_Guardian\enum_auto_run.exe' ぃOず场┪~场ROBi磅妾旱{Α┪уΩ郎C
[2025/09/01 g@ 14:18:01.71] Ended 
[2025/09/02 gG 14:18:01.65] Starting enum_auto_run.exe 
'C:\Nelson\Dev\GitHub\Enum_Guardian\enum_auto_run.exe' ぃOず场┪~场ROBi磅妾旱{Α┪уΩ郎C
[2025/09/02 gG 14:18:01.70] Ended 
[2025/09/03 gT 14:18:01.66] Starting enum_auto_run.exe 
'C:\Nelson\Dev\GitHub\Enum_Guardian\enum_auto_run.exe' ぃOず场┪~场ROBi磅妾旱{Α┪уΩ郎C
[2025/09/03 gT 14:18:01.69] Ended 
[2025/09/05 gき 14:18:01.68] Starting enum_auto_run.exe 
'C:\Nelson\Dev\GitHub\Enum_Guardian\enum_auto_run.exe' ぃOず场┪~场ROBi磅妾旱{Α┪уΩ郎C
[2025/09/05 gき 14:18:01.71] Ended 
[2025/09/08 g@ 14:18:01.15] Starting enum_auto_run.exe 
'C:\Nelson\Dev\GitHub\Enum_Guardian\enum_auto_run.exe' ぃOず场┪~场ROBi磅妾旱{Α┪уΩ郎C
[2025/09/08 g@ 14:18:01.19] Ended 
[2025/09/09 gG 14:18:01.97] Starting enum_auto_run.exe 
'C:\Nelson\Dev\GitHub\Enum_Guardian\enum_auto_run.exe' ぃOず场┪~场ROBi磅妾旱{Α┪уΩ郎C
[2025/09/09 gG 14:18:02.06] Ended 
[2025/09/10 gT 14:18:01.61] Starting enum_auto_run.exe 
'C:\Nelson\Dev\GitHub\Enum_Guardian\enum_auto_run.exe' ぃOず场┪~场ROBi磅妾旱{Α┪уΩ郎C
[2025/09/10 gT 14:18:01.65] Ended 
[2025/09/11 g| 14:18:01.78] Starting enum_auto_run.exe 
'C:\Nelson\Dev\GitHub\Enum_Guardian\enum_auto_run.exe' ぃOず场┪~场ROBi磅妾旱{Α┪уΩ郎C
[2025/09/11 g| 14:18:01.83] Ended 
[2025/09/12 gき 14:18:01.78] Starting enum_auto_run.exe 
'C:\Nelson\Dev\GitHub\Enum_Guardian\enum_auto_run.exe' ぃOず场┪~场ROBi磅妾旱{Α┪уΩ郎C
[2025/09/12 gき 14:18:01.82] Ended 
[2025/09/15 g@ 14:18:01.52] Starting enum_auto_run.exe 
'C:\Nelson\Dev\GitHub\Enum_Guardian\enum_auto_run.exe' ぃOず场┪~场ROBi磅妾旱{Α┪уΩ郎C
[2025/09/15 g@ 14:18:01.56] Ended 
[2025/09/16 gG 14:18:01.54] Starting enum_auto_run.exe 
'C:\Nelson\Dev\GitHub\Enum_Guardian\enum_auto_run.exe' ぃOず场┪~场ROBi磅妾旱{Α┪уΩ郎C
[2025/09/16 gG 14:18:01.59] Ended 
[2025/09/17 gT 14:18:01.19] Starting enum_auto_run.exe 
'C:\Nelson\Dev\GitHub\Enum_Guardian\enum_auto_run.exe' ぃOず场┪~场ROBi磅妾旱{Α┪уΩ郎C
[2025/09/17 gT 14:18:01.23] Ended 
[2025/09/18 g| 14:18:01.20] Starting enum_auto_run.exe 
'C:\Nelson\Dev\GitHub\Enum_Guardian\enum_auto_run.exe' ぃOず场┪~场ROBi磅妾旱{Α┪уΩ郎C
[2025/09/18 g| 14:18:01.24] Ended 
[2025/09/19 gき 14:18:01.45] Starting enum_auto_run.exe 
'C:\Nelson\Dev\GitHub\Enum_Guardian\enum_auto_run.exe' ぃOず场┪~场ROBi磅妾旱{Α┪уΩ郎C
[2025/09/19 gき 14:18:01.50] Ended 
[2025/09/22 g@ 14:18:01.71] Starting enum_auto_run.exe 
'C:\Nelson\Dev\GitHub\Enum_Guardian\enum_auto_run.exe' ぃOず场┪~场ROBi磅妾旱{Α┪уΩ郎C
[2025/09/22 g@ 14:18:01.76] Ended 
[2025/09/23 gG 14:18:01.65] Starting enum_auto_run.exe 
'C:\Nelson\Dev\GitHub\Enum_Guardian\enum_auto_run.exe' ぃOず场┪~场ROBi磅妾旱{Α┪уΩ郎C
[2025/09/23 gG 14:18:01.71] Ended 
[2025/09/24 gT 14:18:01.65] Starting enum_auto_run.exe 
'C:\Nelson\Dev\GitHub\Enum_Guardian\enum_auto_run.exe' ぃOず场┪~场ROBi磅妾旱{Α┪уΩ郎C
[2025/09/24 gT 14:18:01.70] Ended 
[2025/09/25 g| 14:18:01.67] Starting enum_auto_run.exe 
'C:\Nelson\Dev\GitHub\Enum_Guardian\enum_auto_run.exe' ぃOず场┪~场ROBi磅妾旱{Α┪уΩ郎C
[2025/09/25 g| 14:18:01.72] Ended 
[2025/09/26 gき 14:18:01.40] Starting enum_auto_run.exe 
'C:\Nelson\Dev\GitHub\Enum_Guardian\enum_auto_run.exe' ぃOず场┪~场ROBi磅妾旱{Α┪уΩ郎C
[2025/09/26 gき 14:18:01.44] Ended 
[2025/09/30 gG 14:18:01.65] Starting enum_auto_run.exe 
'C:\Nelson\Dev\GitHub\Enum_Guardian\enum_auto_run.exe' ぃOず场┪~场ROBi磅妾旱{Α┪уΩ郎C
[2025/09/30 gG 14:18:01.69] Ended 
[2025/10/01 gT 14:18:01.15] Starting enum_auto_run.exe 
'C:\Nelson\Dev\GitHub\Enum_Guardian\enum_auto_run.exe' ぃOず场┪~场ROBi磅妾旱{Α┪уΩ郎C
[2025/10/01 gT 14:18:01.19] Ended 
[2025/10/02 g| 14:18:01.16] Starting enum_auto_run.exe 
'C:\Nelson\Dev\GitHub\Enum_Guardian\enum_auto_run.exe' ぃOず场┪~场ROBi磅妾旱{Α┪уΩ郎C
[2025/10/02 g| 14:18:01.29] Ended 
[2025/10/03 gき 14:18:01.17] Starting enum_auto_run.exe 
'C:\Nelson\Dev\GitHub\Enum_Guardian\enum_auto_run.exe' ぃOず场┪~场ROBi磅妾旱{Α┪уΩ郎C
[2025/10/03 gき 14:18:01.23] Ended 
[2025/10/07 gG 14:18:01.65] Starting enum_auto_run.exe 
'C:\Nelson\Dev\GitHub\Enum_Guardian\enum_auto_run.exe' ぃOず场┪~场ROBi磅妾旱{Α┪уΩ郎C
[2025/10/07 gG 14:18:01.69] Ended 
