[2025/07/22 gG 14:18:01.21] Starting enum_auto_run.exe 
'C:\Nelson\Dev\GitHub\Enum_Guardian\enum_auto_run.exe' ぃOず场┪~场ROBi磅妾旱{Α┪уΩ郎C
[2025/07/22 gG 14:18:01.23] Ended 
[2025/07/24 g| 14:18:01.35] Starting enum_auto_run.exe 
'C:\Nelson\Dev\GitHub\Enum_Guardian\enum_auto_run.exe' ぃOず场┪~场ROBi磅妾旱{Α┪уΩ郎C
[2025/07/24 g| 14:18:01.39] Ended 
[2025/07/25 gき 14:18:01.69] Starting enum_auto_run.exe 
'C:\Nelson\Dev\GitHub\Enum_Guardian\enum_auto_run.exe' ぃOず场┪~场ROBi磅妾旱{Α┪уΩ郎C
[2025/07/25 gき 14:18:01.72] Ended 
[2025/07/27 gら 14:18:01.35] Starting enum_auto_run.exe 
'C:\Nelson\Dev\GitHub\Enum_Guardian\enum_auto_run.exe' ぃOず场┪~场ROBi磅妾旱{Α┪уΩ郎C
[2025/07/27 gら 14:18:01.39] Ended 
[2025/07/29 gG 14:18:01.60] Starting enum_auto_run.exe 
'C:\Nelson\Dev\GitHub\Enum_Guardian\enum_auto_run.exe' ぃOず场┪~场ROBi磅妾旱{Α┪уΩ郎C
[2025/07/29 gG 14:18:01.63] Ended 
[2025/07/30 gT 14:18:01.38] Starting enum_auto_run.exe 
'C:\Nelson\Dev\GitHub\Enum_Guardian\enum_auto_run.exe' ぃOず场┪~场ROBi磅妾旱{Α┪уΩ郎C
[2025/07/30 gT 14:18:01.42] Ended 
[2025/07/31 g| 14:18:01.41] Starting enum_auto_run.exe 
'C:\Nelson\Dev\GitHub\Enum_Guardian\enum_auto_run.exe' ぃOず场┪~场ROBi磅妾旱{Α┪уΩ郎C
[2025/07/31 g| 14:18:01.44] Ended 
[2025/08/01 gき 14:18:01.35] Starting enum_auto_run.exe 
'C:\Nelson\Dev\GitHub\Enum_Guardian\enum_auto_run.exe' ぃOず场┪~场ROBi磅妾旱{Α┪уΩ郎C
[2025/08/01 gき 14:18:01.38] Ended 
